This file contains any messages produced by compilers while
running configure, to aid debugging if configure makes a mistake.

It was created by nettle configure 3.3, which was
generated by GNU Autoconf 2.69.  Invocation command line was

  $ ./configure 

## --------- ##
## Platform. ##
## --------- ##

hostname = localhost.localdomain
uname -m = x86_64
uname -r = 3.10.0-327.36.3.el7.x86_64
uname -s = Linux
uname -v = #1 SMP Mon Oct 24 16:09:20 UTC 2016

/usr/bin/uname -p = x86_64
/bin/uname -X     = unknown

/bin/arch              = x86_64
/usr/bin/arch -k       = unknown
/usr/convex/getsysinfo = unknown
/usr/bin/hostinfo      = unknown
/bin/machine           = unknown
/usr/bin/oslevel       = unknown
/bin/universe          = unknown

PATH: /usr/lib64/qt-3.3/bin
PATH: /usr/local/sbin
PATH: /usr/local/bin
PATH: /sbin
PATH: /bin
PATH: /usr/sbin
PATH: /usr/bin
PATH: /root/bin


## ----------- ##
## Core tests. ##
## ----------- ##

configure:2505: checking build system type
configure:2519: result: x86_64-unknown-linux-gnu
configure:2539: checking host system type
configure:2552: result: x86_64-unknown-linux-gnu
configure:2706: checking for -R flag
configure:2728: result: using -Wl,-rpath,
configure:2735: result: Searching for libraries
configure:2742: checking /usr/local/lib/lib
configure:2769: result: not found
configure:2742: checking /usr/local/lib
configure:2760: result: added
configure:2742: checking /sw/local/lib
configure:2769: result: not found
configure:2742: checking /sw/lib
configure:2769: result: not found
configure:2742: checking /usr/gnu/lib
configure:2769: result: not found
configure:2742: checking /opt/gnu/lib
configure:2769: result: not found
configure:2742: checking /sw/gnu/lib
configure:2769: result: not found
configure:2742: checking /usr/freeware/lib
configure:2769: result: not found
configure:2742: checking /usr/pkg/lib
configure:2769: result: not found
configure:2825: checking for gcc
configure:2841: found /bin/gcc
configure:2852: result: gcc
configure:3081: checking for C compiler version
configure:3090: gcc --version >&5
gcc (GCC) 4.8.5 20150623 (Red Hat 4.8.5-4)
Copyright (C) 2015 Free Software Foundation, Inc.
This is free software; see the source for copying conditions.  There is NO
warranty; not even for MERCHANTABILITY or FITNESS FOR A PARTICULAR PURPOSE.

configure:3101: $? = 0
configure:3090: gcc -v >&5
Using built-in specs.
COLLECT_GCC=gcc
COLLECT_LTO_WRAPPER=/usr/libexec/gcc/x86_64-redhat-linux/4.8.5/lto-wrapper
Target: x86_64-redhat-linux
Configured with: ../configure --prefix=/usr --mandir=/usr/share/man --infodir=/usr/share/info --with-bugurl=http://bugzilla.redhat.com/bugzilla --enable-bootstrap --enable-shared --enable-threads=posix --enable-checking=release --with-system-zlib --enable-__cxa_atexit --disable-libunwind-exceptions --enable-gnu-unique-object --enable-linker-build-id --with-linker-hash-style=gnu --enable-languages=c,c++,objc,obj-c++,java,fortran,ada,go,lto --enable-plugin --enable-initfini-array --disable-libgcj --with-isl=/builddir/build/BUILD/gcc-4.8.5-20150702/obj-x86_64-redhat-linux/isl-install --with-cloog=/builddir/build/BUILD/gcc-4.8.5-20150702/obj-x86_64-redhat-linux/cloog-install --enable-gnu-indirect-function --with-tune=generic --with-arch_32=x86-64 --build=x86_64-redhat-linux
Thread model: posix
gcc version 4.8.5 20150623 (Red Hat 4.8.5-4) (GCC) 
configure:3101: $? = 0
configure:3090: gcc -V >&5
gcc: error: unrecognized command line option '-V'
gcc: fatal error: no input files
compilation terminated.
configure:3101: $? = 4
configure:3090: gcc -qversion >&5
gcc: error: unrecognized command line option '-qversion'
gcc: fatal error: no input files
compilation terminated.
configure:3101: $? = 4
configure:3121: checking whether the C compiler works
configure:3143: gcc    conftest.c  >&5
configure:3147: $? = 0
configure:3195: result: yes
configure:3198: checking for C compiler default output file name
configure:3200: result: a.out
configure:3206: checking for suffix of executables
configure:3213: gcc -o conftest    conftest.c  >&5
configure:3217: $? = 0
configure:3239: result: 
configure:3261: checking whether we are cross compiling
configure:3269: gcc -o conftest    conftest.c  >&5
configure:3273: $? = 0
configure:3280: ./conftest
configure:3284: $? = 0
configure:3299: result: no
configure:3304: checking for suffix of object files
configure:3326: gcc -c   conftest.c >&5
configure:3330: $? = 0
configure:3351: result: o
configure:3355: checking whether we are using the GNU C compiler
configure:3374: gcc -c   conftest.c >&5
configure:3374: $? = 0
configure:3383: result: yes
configure:3392: checking whether gcc accepts -g
configure:3412: gcc -c -g  conftest.c >&5
configure:3412: $? = 0
configure:3453: result: yes
configure:3470: checking for gcc option to accept ISO C89
configure:3533: gcc  -c -g -O2  conftest.c >&5
configure:3533: $? = 0
configure:3546: result: none needed
configure:3568: checking for ifunc support
configure:3650: gcc -o conftest -g -O2   conftest.c  >&5
configure:3650: $? = 0
configure:3658: result: yes
configure:3742: checking for g++
configure:3758: found /bin/g++
configure:3769: result: g++
configure:3796: checking for C++ compiler version
configure:3805: g++ --version >&5
g++ (GCC) 4.8.5 20150623 (Red Hat 4.8.5-4)
Copyright (C) 2015 Free Software Foundation, Inc.
This is free software; see the source for copying conditions.  There is NO
warranty; not even for MERCHANTABILITY or FITNESS FOR A PARTICULAR PURPOSE.

configure:3816: $? = 0
configure:3805: g++ -v >&5
Using built-in specs.
COLLECT_GCC=g++
COLLECT_LTO_WRAPPER=/usr/libexec/gcc/x86_64-redhat-linux/4.8.5/lto-wrapper
Target: x86_64-redhat-linux
Configured with: ../configure --prefix=/usr --mandir=/usr/share/man --infodir=/usr/share/info --with-bugurl=http://bugzilla.redhat.com/bugzilla --enable-bootstrap --enable-shared --enable-threads=posix --enable-checking=release --with-system-zlib --enable-__cxa_atexit --disable-libunwind-exceptions --enable-gnu-unique-object --enable-linker-build-id --with-linker-hash-style=gnu --enable-languages=c,c++,objc,obj-c++,java,fortran,ada,go,lto --enable-plugin --enable-initfini-array --disable-libgcj --with-isl=/builddir/build/BUILD/gcc-4.8.5-20150702/obj-x86_64-redhat-linux/isl-install --with-cloog=/builddir/build/BUILD/gcc-4.8.5-20150702/obj-x86_64-redhat-linux/cloog-install --enable-gnu-indirect-function --with-tune=generic --with-arch_32=x86-64 --build=x86_64-redhat-linux
Thread model: posix
gcc version 4.8.5 20150623 (Red Hat 4.8.5-4) (GCC) 
configure:3816: $? = 0
configure:3805: g++ -V >&5
g++: error: unrecognized command line option '-V'
g++: fatal error: no input files
compilation terminated.
configure:3816: $? = 4
configure:3805: g++ -qversion >&5
g++: error: unrecognized command line option '-qversion'
g++: fatal error: no input files
compilation terminated.
configure:3816: $? = 4
configure:3820: checking whether we are using the GNU C++ compiler
configure:3839: g++ -c   conftest.cpp >&5
configure:3839: $? = 0
configure:3848: result: yes
configure:3857: checking whether g++ accepts -g
configure:3877: g++ -c -g  conftest.cpp >&5
configure:3877: $? = 0
configure:3918: result: yes
configure:3960: g++ -c -g -O2  conftest.cpp >&5
configure:3960: $? = 0
configure:3981: checking if LD -Wl,--version-script works
configure:3999: gcc -o conftest -g -O2   -Wl,--version-script=conftest.map conftest.c  >&5
/bin/ld:conftest.map:2: syntax error in VERSION script
collect2: error: ld returned 1 exit status
configure:3999: $? = 1
configure: failed program was:
| /* confdefs.h */
| #define PACKAGE_NAME "nettle"
| #define PACKAGE_TARNAME "nettle"
| #define PACKAGE_VERSION "3.3"
| #define PACKAGE_STRING "nettle 3.3"
| #define PACKAGE_BUGREPORT "nettle-bugs@lists.lysator.liu.se"
| #define PACKAGE_URL ""
| #define HAVE_LINK_IFUNC 1
| /* end confdefs.h.  */
| 
| int
| main ()
| {
| 
|   ;
|   return 0;
| }
configure:4027: gcc -o conftest -g -O2   -Wl,--version-script=conftest.map conftest.c  >&5
configure:4027: $? = 0
configure:4039: result: yes
configure:4050: checking whether make sets $(MAKE)
configure:4072: result: yes
configure:4124: checking for ranlib
configure:4140: found /bin/ranlib
configure:4151: result: ranlib
configure:4216: checking for nm
configure:4232: found /bin/nm
configure:4243: result: nm
configure:4309: checking for objdump
configure:4325: found /bin/objdump
configure:4336: result: objdump
configure:4401: checking for ar
configure:4417: found /bin/ar
configure:4428: result: ar
configure:4469: checking for a BSD-compatible install
configure:4537: result: /bin/install -c
configure:4551: checking for a thread-safe mkdir -p
configure:4590: result: /bin/mkdir -p
configure:4594: checking whether ln -s works
configure:4598: result: yes
configure:4723: checking for build system executable suffix
configure:4758: result: 
configure:4819: checking for an ANSI C-conforming const
configure:4885: gcc -c -g -O2  conftest.c >&5
configure:4885: $? = 0
configure:4892: result: yes
configure:4900: checking for inline
configure:4916: gcc -c -g -O2  conftest.c >&5
configure:4916: $? = 0
configure:4924: result: inline
configure:4947: checking how to run the C preprocessor
configure:4978: gcc -E  conftest.c
configure:4978: $? = 0
configure:4992: gcc -E  conftest.c
conftest.c:10:28: fatal error: ac_nonexistent.h: No such file or directory
 #include <ac_nonexistent.h>
                            ^
compilation terminated.
configure:4992: $? = 1
configure: failed program was:
| /* confdefs.h */
| #define PACKAGE_NAME "nettle"
| #define PACKAGE_TARNAME "nettle"
| #define PACKAGE_VERSION "3.3"
| #define PACKAGE_STRING "nettle 3.3"
| #define PACKAGE_BUGREPORT "nettle-bugs@lists.lysator.liu.se"
| #define PACKAGE_URL ""
| #define HAVE_LINK_IFUNC 1
| /* end confdefs.h.  */
| #include <ac_nonexistent.h>
configure:5017: result: gcc -E
configure:5037: gcc -E  conftest.c
configure:5037: $? = 0
configure:5051: gcc -E  conftest.c
conftest.c:10:28: fatal error: ac_nonexistent.h: No such file or directory
 #include <ac_nonexistent.h>
                            ^
compilation terminated.
configure:5051: $? = 1
configure: failed program was:
| /* confdefs.h */
| #define PACKAGE_NAME "nettle"
| #define PACKAGE_TARNAME "nettle"
| #define PACKAGE_VERSION "3.3"
| #define PACKAGE_STRING "nettle 3.3"
| #define PACKAGE_BUGREPORT "nettle-bugs@lists.lysator.liu.se"
| #define PACKAGE_URL ""
| #define HAVE_LINK_IFUNC 1
| /* end confdefs.h.  */
| #include <ac_nonexistent.h>
configure:5080: checking for grep that handles long lines and -e
configure:5138: result: /bin/grep
configure:5143: checking for egrep
configure:5205: result: /bin/grep -E
configure:5210: checking for uid_t in sys/types.h
configure:5229: result: yes
configure:5240: checking for ANSI C header files
configure:5260: gcc -c -g -O2  conftest.c >&5
configure:5260: $? = 0
configure:5333: gcc -o conftest -g -O2   conftest.c  >&5
configure:5333: $? = 0
configure:5333: ./conftest
configure:5333: $? = 0
configure:5344: result: yes
configure:5357: checking for sys/types.h
configure:5357: gcc -c -g -O2  conftest.c >&5
configure:5357: $? = 0
configure:5357: result: yes
configure:5357: checking for sys/stat.h
configure:5357: gcc -c -g -O2  conftest.c >&5
configure:5357: $? = 0
configure:5357: result: yes
configure:5357: checking for stdlib.h
configure:5357: gcc -c -g -O2  conftest.c >&5
configure:5357: $? = 0
configure:5357: result: yes
configure:5357: checking for string.h
configure:5357: gcc -c -g -O2  conftest.c >&5
configure:5357: $? = 0
configure:5357: result: yes
configure:5357: checking for memory.h
configure:5357: gcc -c -g -O2  conftest.c >&5
configure:5357: $? = 0
configure:5357: result: yes
configure:5357: checking for strings.h
configure:5357: gcc -c -g -O2  conftest.c >&5
configure:5357: $? = 0
configure:5357: result: yes
configure:5357: checking for inttypes.h
configure:5357: gcc -c -g -O2  conftest.c >&5
configure:5357: $? = 0
configure:5357: result: yes
configure:5357: checking for stdint.h
configure:5357: gcc -c -g -O2  conftest.c >&5
configure:5357: $? = 0
configure:5357: result: yes
configure:5357: checking for unistd.h
configure:5357: gcc -c -g -O2  conftest.c >&5
configure:5357: $? = 0
configure:5357: result: yes
configure:5369: checking for size_t
configure:5369: gcc -c -g -O2  conftest.c >&5
configure:5369: $? = 0
configure:5369: gcc -c -g -O2  conftest.c >&5
conftest.c: In function 'main':
conftest.c:56:21: error: expected expression before ')' token
 if (sizeof ((size_t)))
                     ^
configure:5369: $? = 1
configure: failed program was:
| /* confdefs.h */
| #define PACKAGE_NAME "nettle"
| #define PACKAGE_TARNAME "nettle"
| #define PACKAGE_VERSION "3.3"
| #define PACKAGE_STRING "nettle 3.3"
| #define PACKAGE_BUGREPORT "nettle-bugs@lists.lysator.liu.se"
| #define PACKAGE_URL ""
| #define HAVE_LINK_IFUNC 1
| #define STDC_HEADERS 1
| #define HAVE_SYS_TYPES_H 1
| #define HAVE_SYS_STAT_H 1
| #define HAVE_STDLIB_H 1
| #define HAVE_STRING_H 1
| #define HAVE_MEMORY_H 1
| #define HAVE_STRINGS_H 1
| #define HAVE_INTTYPES_H 1
| #define HAVE_STDINT_H 1
| #define HAVE_UNISTD_H 1
| /* end confdefs.h.  */
| #include <stdio.h>
| #ifdef HAVE_SYS_TYPES_H
| # include <sys/types.h>
| #endif
| #ifdef HAVE_SYS_STAT_H
| # include <sys/stat.h>
| #endif
| #ifdef STDC_HEADERS
| # include <stdlib.h>
| # include <stddef.h>
| #else
| # ifdef HAVE_STDLIB_H
| #  include <stdlib.h>
| # endif
| #endif
| #ifdef HAVE_STRING_H
| # if !defined STDC_HEADERS && defined HAVE_MEMORY_H
| #  include <memory.h>
| # endif
| # include <string.h>
| #endif
| #ifdef HAVE_STRINGS_H
| # include <strings.h>
| #endif
| #ifdef HAVE_INTTYPES_H
| # include <inttypes.h>
| #endif
| #ifdef HAVE_STDINT_H
| # include <stdint.h>
| #endif
| #ifdef HAVE_UNISTD_H
| # include <unistd.h>
| #endif
| int
| main ()
| {
| if (sizeof ((size_t)))
| 	    return 0;
|   ;
|   return 0;
| }
configure:5369: result: yes
configure:5380: checking whether time.h and sys/time.h may both be included
configure:5400: gcc -c -g -O2  conftest.c >&5
configure:5400: $? = 0
configure:5407: result: yes
configure:5419: checking size of long
configure:5424: gcc -o conftest -g -O2   conftest.c  >&5
configure:5424: $? = 0
configure:5424: ./conftest
configure:5424: $? = 0
configure:5438: result: 8
configure:5452: checking size of size_t
configure:5457: gcc -o conftest -g -O2   conftest.c  >&5
configure:5457: $? = 0
configure:5457: ./conftest
configure:5457: $? = 0
configure:5471: result: 8
configure:5485: checking openssl/blowfish.h usability
configure:5485: gcc -c -g -O2  conftest.c >&5
configure:5485: $? = 0
configure:5485: result: yes
configure:5485: checking openssl/blowfish.h presence
configure:5485: gcc -E  conftest.c
configure:5485: $? = 0
configure:5485: result: yes
configure:5485: checking for openssl/blowfish.h
configure:5485: result: yes
configure:5485: checking openssl/des.h usability
configure:5485: gcc -c -g -O2  conftest.c >&5
configure:5485: $? = 0
configure:5485: result: yes
configure:5485: checking openssl/des.h presence
configure:5485: gcc -E  conftest.c
configure:5485: $? = 0
configure:5485: result: yes
configure:5485: checking for openssl/des.h
configure:5485: result: yes
configure:5485: checking openssl/cast.h usability
configure:5485: gcc -c -g -O2  conftest.c >&5
configure:5485: $? = 0
configure:5485: result: yes
configure:5485: checking openssl/cast.h presence
configure:5485: gcc -E  conftest.c
configure:5485: $? = 0
configure:5485: result: yes
configure:5485: checking for openssl/cast.h
configure:5485: result: yes
configure:5485: checking openssl/aes.h usability
configure:5485: gcc -c -g -O2  conftest.c >&5
configure:5485: $? = 0
configure:5485: result: yes
configure:5485: checking openssl/aes.h presence
configure:5485: gcc -E  conftest.c
configure:5485: $? = 0
configure:5485: result: yes
configure:5485: checking for openssl/aes.h
configure:5485: result: yes
configure:5485: checking openssl/ecdsa.h usability
configure:5485: gcc -c -g -O2  conftest.c >&5
configure:5485: $? = 0
configure:5485: result: yes
configure:5485: checking openssl/ecdsa.h presence
configure:5485: gcc -E  conftest.c
configure:5485: $? = 0
configure:5485: result: yes
configure:5485: checking for openssl/ecdsa.h
configure:5485: result: yes
configure:5502: checking valgrind/memcheck.h usability
configure:5502: gcc -c -g -O2  conftest.c >&5
conftest.c:61:31: fatal error: valgrind/memcheck.h: No such file or directory
 #include <valgrind/memcheck.h>
                               ^
compilation terminated.
configure:5502: $? = 1
configure: failed program was:
| /* confdefs.h */
| #define PACKAGE_NAME "nettle"
| #define PACKAGE_TARNAME "nettle"
| #define PACKAGE_VERSION "3.3"
| #define PACKAGE_STRING "nettle 3.3"
| #define PACKAGE_BUGREPORT "nettle-bugs@lists.lysator.liu.se"
| #define PACKAGE_URL ""
| #define HAVE_LINK_IFUNC 1
| #define STDC_HEADERS 1
| #define HAVE_SYS_TYPES_H 1
| #define HAVE_SYS_STAT_H 1
| #define HAVE_STDLIB_H 1
| #define HAVE_STRING_H 1
| #define HAVE_MEMORY_H 1
| #define HAVE_STRINGS_H 1
| #define HAVE_INTTYPES_H 1
| #define HAVE_STDINT_H 1
| #define HAVE_UNISTD_H 1
| #define TIME_WITH_SYS_TIME 1
| #define SIZEOF_LONG 8
| #define SIZEOF_SIZE_T 8
| #define HAVE_OPENSSL_BLOWFISH_H 1
| #define HAVE_OPENSSL_DES_H 1
| #define HAVE_OPENSSL_CAST_H 1
| #define HAVE_OPENSSL_AES_H 1
| #define HAVE_OPENSSL_ECDSA_H 1
| /* end confdefs.h.  */
| #include <stdio.h>
| #ifdef HAVE_SYS_TYPES_H
| # include <sys/types.h>
| #endif
| #ifdef HAVE_SYS_STAT_H
| # include <sys/stat.h>
| #endif
| #ifdef STDC_HEADERS
| # include <stdlib.h>
| # include <stddef.h>
| #else
| # ifdef HAVE_STDLIB_H
| #  include <stdlib.h>
| # endif
| #endif
| #ifdef HAVE_STRING_H
| # if !defined STDC_HEADERS && defined HAVE_MEMORY_H
| #  include <memory.h>
| # endif
| # include <string.h>
| #endif
| #ifdef HAVE_STRINGS_H
| # include <strings.h>
| #endif
| #ifdef HAVE_INTTYPES_H
| # include <inttypes.h>
| #endif
| #ifdef HAVE_STDINT_H
| # include <stdint.h>
| #endif
| #ifdef HAVE_UNISTD_H
| # include <unistd.h>
| #endif
| #include <valgrind/memcheck.h>
configure:5502: result: no
configure:5502: checking valgrind/memcheck.h presence
configure:5502: gcc -E  conftest.c
conftest.c:28:31: fatal error: valgrind/memcheck.h: No such file or directory
 #include <valgrind/memcheck.h>
                               ^
compilation terminated.
configure:5502: $? = 1
configure: failed program was:
| /* confdefs.h */
| #define PACKAGE_NAME "nettle"
| #define PACKAGE_TARNAME "nettle"
| #define PACKAGE_VERSION "3.3"
| #define PACKAGE_STRING "nettle 3.3"
| #define PACKAGE_BUGREPORT "nettle-bugs@lists.lysator.liu.se"
| #define PACKAGE_URL ""
| #define HAVE_LINK_IFUNC 1
| #define STDC_HEADERS 1
| #define HAVE_SYS_TYPES_H 1
| #define HAVE_SYS_STAT_H 1
| #define HAVE_STDLIB_H 1
| #define HAVE_STRING_H 1
| #define HAVE_MEMORY_H 1
| #define HAVE_STRINGS_H 1
| #define HAVE_INTTYPES_H 1
| #define HAVE_STDINT_H 1
| #define HAVE_UNISTD_H 1
| #define TIME_WITH_SYS_TIME 1
| #define SIZEOF_LONG 8
| #define SIZEOF_SIZE_T 8
| #define HAVE_OPENSSL_BLOWFISH_H 1
| #define HAVE_OPENSSL_DES_H 1
| #define HAVE_OPENSSL_CAST_H 1
| #define HAVE_OPENSSL_AES_H 1
| #define HAVE_OPENSSL_ECDSA_H 1
| /* end confdefs.h.  */
| #include <valgrind/memcheck.h>
configure:5502: result: no
configure:5502: checking for valgrind/memcheck.h
configure:5502: result: no
configure:5514: checking dlfcn.h usability
configure:5514: gcc -c -g -O2  conftest.c >&5
configure:5514: $? = 0
configure:5514: result: yes
configure:5514: checking dlfcn.h presence
configure:5514: gcc -E  conftest.c
configure:5514: $? = 0
configure:5514: result: yes
configure:5514: checking for dlfcn.h
configure:5514: result: yes
configure:5524: checking for dlopen in -ldl
configure:5549: gcc -o conftest -g -O2   conftest.c -ldl   >&5
configure:5549: $? = 0
configure:5558: result: yes
configure:5569: checking for working alloca.h
configure:5586: gcc -o conftest -g -O2   conftest.c  >&5
configure:5586: $? = 0
configure:5594: result: yes
configure:5602: checking for alloca
configure:5639: gcc -o conftest -g -O2   conftest.c  >&5
configure:5639: $? = 0
configure:5647: result: yes
configure:5755: checking malloc.h usability
configure:5755: gcc -c -g -O2  conftest.c >&5
configure:5755: $? = 0
configure:5755: result: yes
configure:5755: checking malloc.h presence
configure:5755: gcc -E  conftest.c
configure:5755: $? = 0
configure:5755: result: yes
configure:5755: checking for malloc.h
configure:5755: result: yes
configure:5768: checking for strerror
configure:5768: gcc -o conftest -g -O2   conftest.c  >&5
configure:5768: $? = 0
configure:5768: result: yes
configure:5783: checking for secure_getenv
configure:5783: gcc -o conftest -g -O2   conftest.c  >&5
configure:5783: $? = 0
configure:5783: result: yes
configure:5783: checking for getline
configure:5783: gcc -o conftest -g -O2   conftest.c  >&5
configure:5783: $? = 0
configure:5783: result: yes
configure:5792: checking whether byte ordering is bigendian
configure:5807: gcc -c -g -O2  conftest.c >&5
conftest.c:37:9: error: unknown type name 'not'
         not a universal capable compiler
         ^
conftest.c:37:15: error: expected '=', ',', ';', 'asm' or '__attribute__' before 'universal'
         not a universal capable compiler
               ^
conftest.c:37:15: error: unknown type name 'universal'
configure:5807: $? = 1
configure: failed program was:
| /* confdefs.h */
| #define PACKAGE_NAME "nettle"
| #define PACKAGE_TARNAME "nettle"
| #define PACKAGE_VERSION "3.3"
| #define PACKAGE_STRING "nettle 3.3"
| #define PACKAGE_BUGREPORT "nettle-bugs@lists.lysator.liu.se"
| #define PACKAGE_URL ""
| #define HAVE_LINK_IFUNC 1
| #define STDC_HEADERS 1
| #define HAVE_SYS_TYPES_H 1
| #define HAVE_SYS_STAT_H 1
| #define HAVE_STDLIB_H 1
| #define HAVE_STRING_H 1
| #define HAVE_MEMORY_H 1
| #define HAVE_STRINGS_H 1
| #define HAVE_INTTYPES_H 1
| #define HAVE_STDINT_H 1
| #define HAVE_UNISTD_H 1
| #define TIME_WITH_SYS_TIME 1
| #define SIZEOF_LONG 8
| #define SIZEOF_SIZE_T 8
| #define HAVE_OPENSSL_BLOWFISH_H 1
| #define HAVE_OPENSSL_DES_H 1
| #define HAVE_OPENSSL_CAST_H 1
| #define HAVE_OPENSSL_AES_H 1
| #define HAVE_OPENSSL_ECDSA_H 1
| #define HAVE_DLFCN_H 1
| #define HAVE_LIBDL 1
| #define HAVE_ALLOCA_H 1
| #define HAVE_ALLOCA 1
| #define HAVE_MALLOC_H 1
| #define HAVE_STRERROR 1
| #define HAVE_SECURE_GETENV 1
| #define HAVE_GETLINE 1
| /* end confdefs.h.  */
| #ifndef __APPLE_CC__
| 	       not a universal capable compiler
| 	     #endif
| 	     typedef int dummy;
| 
configure:5852: gcc -c -g -O2  conftest.c >&5
configure:5852: $? = 0
configure:5870: gcc -c -g -O2  conftest.c >&5
conftest.c: In function 'main':
conftest.c:43:4: error: unknown type name 'not'
    not big endian
    ^
conftest.c:43:12: error: expected '=', ',', ';', 'asm' or '__attribute__' before 'endian'
    not big endian
            ^
configure:5870: $? = 1
configure: failed program was:
| /* confdefs.h */
| #define PACKAGE_NAME "nettle"
| #define PACKAGE_TARNAME "nettle"
| #define PACKAGE_VERSION "3.3"
| #define PACKAGE_STRING "nettle 3.3"
| #define PACKAGE_BUGREPORT "nettle-bugs@lists.lysator.liu.se"
| #define PACKAGE_URL ""
| #define HAVE_LINK_IFUNC 1
| #define STDC_HEADERS 1
| #define HAVE_SYS_TYPES_H 1
| #define HAVE_SYS_STAT_H 1
| #define HAVE_STDLIB_H 1
| #define HAVE_STRING_H 1
| #define HAVE_MEMORY_H 1
| #define HAVE_STRINGS_H 1
| #define HAVE_INTTYPES_H 1
| #define HAVE_STDINT_H 1
| #define HAVE_UNISTD_H 1
| #define TIME_WITH_SYS_TIME 1
| #define SIZEOF_LONG 8
| #define SIZEOF_SIZE_T 8
| #define HAVE_OPENSSL_BLOWFISH_H 1
| #define HAVE_OPENSSL_DES_H 1
| #define HAVE_OPENSSL_CAST_H 1
| #define HAVE_OPENSSL_AES_H 1
| #define HAVE_OPENSSL_ECDSA_H 1
| #define HAVE_DLFCN_H 1
| #define HAVE_LIBDL 1
| #define HAVE_ALLOCA_H 1
| #define HAVE_ALLOCA 1
| #define HAVE_MALLOC_H 1
| #define HAVE_STRERROR 1
| #define HAVE_SECURE_GETENV 1
| #define HAVE_GETLINE 1
| /* end confdefs.h.  */
| #include <sys/types.h>
| 		#include <sys/param.h>
| 
| int
| main ()
| {
| #if BYTE_ORDER != BIG_ENDIAN
| 		 not big endian
| 		#endif
| 
|   ;
|   return 0;
| }
configure:5998: result: no
configure:6017: checking for __attribute__
configure:6043: gcc -c -g -O2  conftest.c >&5
configure:6043: $? = 0
configure:6050: result: yes
configure:6064: checking for stdint types
configure:6087: gcc -c   conftest.c >&5
configure:6087: $? = 0
configure:6112: result: stdint.h (shortcircuit)
configure:6480: result: make use of stdint.h in nettle-stdint.h (assuming C99 compatible system)
configure:6490: checking for fcntl file locking
configure:6517: gcc -c -g -O2  conftest.c >&5
configure:6517: $? = 0
configure:6524: result: yes
configure:6536: checking for __gmpz_powm_sec in -lgmp
configure:6561: gcc -o conftest -g -O2   conftest.c -lgmp   >&5
configure:6561: $? = 0
configure:6570: result: yes
configure:6598: gcc -o conftest -g -O2   conftest.c -lgmp  >&5
configure:6598: $? = 0
configure:6598: ./conftest
configure:6598: $? = 0
configure:6672: checking for GMP limb size
configure:6674: gcc -o conftest -g -O2   conftest.c -lgmp  >&5
configure:6674: $? = 0
configure:6674: ./conftest
configure:6674: $? = 0
configure:6684: result: 64 bits
configure:6712: gcc -c -g -O2  conftest.c >&5
conftest.c:41:2: error: #error 64-bit x86
 #error 64-bit x86
  ^
configure:6712: $? = 1
configure: failed program was:
| /* confdefs.h */
| #define PACKAGE_NAME "nettle"
| #define PACKAGE_TARNAME "nettle"
| #define PACKAGE_VERSION "3.3"
| #define PACKAGE_STRING "nettle 3.3"
| #define PACKAGE_BUGREPORT "nettle-bugs@lists.lysator.liu.se"
| #define PACKAGE_URL ""
| #define HAVE_LINK_IFUNC 1
| #define STDC_HEADERS 1
| #define HAVE_SYS_TYPES_H 1
| #define HAVE_SYS_STAT_H 1
| #define HAVE_STDLIB_H 1
| #define HAVE_STRING_H 1
| #define HAVE_MEMORY_H 1
| #define HAVE_STRINGS_H 1
| #define HAVE_INTTYPES_H 1
| #define HAVE_STDINT_H 1
| #define HAVE_UNISTD_H 1
| #define TIME_WITH_SYS_TIME 1
| #define SIZEOF_LONG 8
| #define SIZEOF_SIZE_T 8
| #define HAVE_OPENSSL_BLOWFISH_H 1
| #define HAVE_OPENSSL_DES_H 1
| #define HAVE_OPENSSL_CAST_H 1
| #define HAVE_OPENSSL_AES_H 1
| #define HAVE_OPENSSL_ECDSA_H 1
| #define HAVE_DLFCN_H 1
| #define HAVE_LIBDL 1
| #define HAVE_ALLOCA_H 1
| #define HAVE_ALLOCA 1
| #define HAVE_MALLOC_H 1
| #define HAVE_STRERROR 1
| #define HAVE_SECURE_GETENV 1
| #define HAVE_GETLINE 1
| #define HAVE_GCC_ATTRIBUTE 1
| #define HAVE_FCNTL_LOCKING 1
| #define HAVE_LIBGMP 1
| /* end confdefs.h.  */
| 
| #if defined(__x86_64__) || defined(__arch64__)
| #error 64-bit x86
| #endif
| 
| int
| main ()
| {
| 
|   ;
|   return 0;
| }
configure:6780: Compiler uses 64-bit ABI. To change, set CC.
configure:6831: Libraries to be installed in ${exec_prefix}/lib64.
configure:6968: Looking for assembler files in x86_64.
configure:7059: checking CCPIC
configure:7103: gcc -c -g -O2 -fpic  conftest.c >&5
conftest.c: In function 'main':
conftest.c:50:1: warning: incompatible implicit declaration of built-in function 'exit' [enabled by default]
 exit(0);
 ^
configure:7103: $? = 0
configure:7114: result: -fpic
configure:7227: checking if globals are prefixed by underscore
configure:7238: gcc -c -g -O2  conftest.c >&5
configure:7238: $? = 0
configure:7254: result: no
configure:7260: checking for ELF-style .type,%function pseudo-ops
configure:7277: gcc -g -O2  -c conftest.s >conftest.out 2>&1
configure:7280: $? = 0
configure:7293: result: yes
configure:7296: checking for ELF-style .type,#function pseudo-ops
configure:7313: gcc -g -O2  -c conftest.s >conftest.out 2>&1
configure:7316: $? = 1
conftest.s: Assembler messages:
conftest.s:4: Error: unrecognized symbol type ""
configure: failed program was:

.text
.globl foo
.type foo,#function
foo:
.Lend:

.size foo, .Lend - foo

configure:7329: result: no
configure:7344: checking for COFF-style .type directive
configure:7361: gcc -g -O2  -c conftest.s >conftest.out 2>&1
configure:7364: $? = 1
conftest.s: Assembler messages:
conftest.s:4: Error: unknown pseudo-op: `.def'
conftest.s:5: Error: unknown pseudo-op: `.scl'
conftest.s:6: Error: Missing symbol name in directive
conftest.s:6: Error: unrecognized symbol type "32"
conftest.s:7: Error: unknown pseudo-op: `.endef'
configure: failed program was:

.text
.globl _foo
.def _foo
.scl 2
.type 32
.endef
_foo:

configure:7377: result: no
configure:7383: checking if we should use a .note.GNU-stack section
configure:7395: gcc -g -O2  -c conftest.c >conftest.out 2>&1
configure:7398: $? = 0
configure:7410: result: yes
configure:7416: checking if .align assembly directive is logarithmic
configure:7427: gcc -g -O2  -c conftest.s >conftest.out 2>&1
configure:7430: $? = 1
conftest.s: Assembler messages:
conftest.s:2: Error: alignment not a power of 2
configure: failed program was:

.align 3

configure:7443: result: no
configure:7478: checking for m4
configure:7496: found /bin/m4
configure:7509: result: /bin/m4
configure:7550: checking for makeinfo
configure:7581: result: not-found
configure:7627: checking for BF_ecb_encrypt in -lcrypto
configure:7652: gcc -o conftest -g -O2   conftest.c -lcrypto  -lgmp  >&5
configure:7652: $? = 0
configure:7661: result: yes
configure:7687: checking for library containing clock_gettime
configure:7718: gcc -o conftest -g -O2   conftest.c -lgmp  >&5
configure:7718: $? = 0
configure:7735: result: none required
configure:7896: creating ./config.status

## ---------------------- ##
## Running config.status. ##
## ---------------------- ##

This file was extended by nettle config.status 3.3, which was
generated by GNU Autoconf 2.69.  Invocation command line was

  CONFIG_FILES    = 
  CONFIG_HEADERS  = 
  CONFIG_LINKS    = 
  CONFIG_COMMANDS = 
  $ ./config.status 

on localhost.localdomain

config.status:955: creating config.make
config.status:955: creating config.m4
config.status:955: creating Makefile
config.status:955: creating version.h
config.status:955: creating tools/Makefile
config.status:955: creating testsuite/Makefile
config.status:955: creating examples/Makefile
config.status:955: creating nettle.pc
config.status:955: creating hogweed.pc
config.status:955: creating libnettle.map
config.status:955: creating libhogweed.map
config.status:955: creating config.h
config.status:1162: linking x86_64/aes-encrypt-internal.asm to aes-encrypt-internal.asm
config.status:1162: linking x86_64/aes-decrypt-internal.asm to aes-decrypt-internal.asm
config.status:1162: linking x86_64/camellia-crypt-internal.asm to camellia-crypt-internal.asm
config.status:1162: linking x86_64/md5-compress.asm to md5-compress.asm
config.status:1162: linking x86_64/memxor.asm to memxor.asm
config.status:1162: linking x86_64/memxor3.asm to memxor3.asm
config.status:1162: linking x86_64/poly1305-internal.asm to poly1305-internal.asm
config.status:1162: linking x86_64/chacha-core-internal.asm to chacha-core-internal.asm
config.status:1162: linking x86_64/salsa20-crypt.asm to salsa20-crypt.asm
config.status:1162: linking x86_64/salsa20-core-internal.asm to salsa20-core-internal.asm
config.status:1162: linking x86_64/serpent-encrypt.asm to serpent-encrypt.asm
config.status:1162: linking x86_64/serpent-decrypt.asm to serpent-decrypt.asm
config.status:1162: linking x86_64/sha1-compress.asm to sha1-compress.asm
config.status:1162: linking x86_64/sha256-compress.asm to sha256-compress.asm
config.status:1162: linking x86_64/sha512-compress.asm to sha512-compress.asm
config.status:1162: linking x86_64/sha3-permute.asm to sha3-permute.asm
config.status:1162: linking x86_64/umac-nh.asm to umac-nh.asm
config.status:1162: linking x86_64/umac-nh-n.asm to umac-nh-n.asm
config.status:1162: linking x86_64/machine.m4 to machine.m4
config.status:1162: linking x86_64/gcm-hash8.asm to gcm-hash8.asm
config.status:1162: linking x86_64/ecc-192-modp.asm to ecc-192-modp.asm
config.status:1162: linking x86_64/ecc-224-modp.asm to ecc-224-modp.asm
config.status:1162: linking x86_64/ecc-25519-modp.asm to ecc-25519-modp.asm
config.status:1162: linking x86_64/ecc-256-redc.asm to ecc-256-redc.asm
config.status:1162: linking x86_64/ecc-384-modp.asm to ecc-384-modp.asm
config.status:1162: linking x86_64/ecc-521-modp.asm to ecc-521-modp.asm
config.status:1181: executing dummy-dep-files commands
config.status:1181: executing nettle-stdint.h commands
config.status:1194: creating nettle-stdint.h : __NETTLE_STDINT_H
configure:9554: summary of build options:

  Version:           nettle 3.3
  Host type:         x86_64-unknown-linux-gnu
  ABI:               64
  Assembly files:    x86_64
  Install prefix:    /usr/local
  Library directory: ${exec_prefix}/lib64
  Compiler:          gcc
  Static libraries:  yes
  Shared libraries:  yes
  Public key crypto: yes
  Using mini-gmp:    no
  Documentation:     no


## ---------------- ##
## Cache variables. ##
## ---------------- ##

ac_cv_build=x86_64-unknown-linux-gnu
ac_cv_c_bigendian=no
ac_cv_c_compiler_gnu=yes
ac_cv_c_const=yes
ac_cv_c_inline=inline
ac_cv_cxx_compiler_gnu=yes
ac_cv_env_CCC_set=
ac_cv_env_CCC_value=
ac_cv_env_CC_FOR_BUILD_set=
ac_cv_env_CC_FOR_BUILD_value=
ac_cv_env_CC_set=
ac_cv_env_CC_value=
ac_cv_env_CFLAGS_set=
ac_cv_env_CFLAGS_value=
ac_cv_env_CPPFLAGS_set=
ac_cv_env_CPPFLAGS_value=
ac_cv_env_CPP_set=
ac_cv_env_CPP_value=
ac_cv_env_CXXFLAGS_set=
ac_cv_env_CXXFLAGS_value=
ac_cv_env_CXX_set=
ac_cv_env_CXX_value=
ac_cv_env_LDFLAGS_set=
ac_cv_env_LDFLAGS_value=
ac_cv_env_LIBS_set=
ac_cv_env_LIBS_value=
ac_cv_env_build_alias_set=
ac_cv_env_build_alias_value=
ac_cv_env_host_alias_set=
ac_cv_env_host_alias_value=
ac_cv_env_target_alias_set=
ac_cv_env_target_alias_value=
ac_cv_func_alloca_works=yes
ac_cv_func_getline=yes
ac_cv_func_secure_getenv=yes
ac_cv_func_strerror=yes
ac_cv_header_dlfcn_h=yes
ac_cv_header_inttypes_h=yes
ac_cv_header_malloc_h=yes
ac_cv_header_memory_h=yes
ac_cv_header_openssl_aes_h=yes
ac_cv_header_openssl_blowfish_h=yes
ac_cv_header_openssl_cast_h=yes
ac_cv_header_openssl_des_h=yes
ac_cv_header_openssl_ecdsa_h=yes
ac_cv_header_stdc=yes
ac_cv_header_stdint=stdint.h
ac_cv_header_stdint_h=yes
ac_cv_header_stdint_t=stdint.h
ac_cv_header_stdlib_h=yes
ac_cv_header_string_h=yes
ac_cv_header_strings_h=yes
ac_cv_header_sys_stat_h=yes
ac_cv_header_sys_types_h=yes
ac_cv_header_time=yes
ac_cv_header_unistd_h=yes
ac_cv_header_valgrind_memcheck_h=no
ac_cv_host=x86_64-unknown-linux-gnu
ac_cv_lib_crypto_BF_ecb_encrypt=yes
ac_cv_lib_dl_dlopen=yes
ac_cv_lib_gmp___gmpz_powm_sec=yes
ac_cv_objext=o
ac_cv_path_EGREP='/bin/grep -E'
ac_cv_path_GREP=/bin/grep
ac_cv_path_M4=/bin/m4
ac_cv_path_MAKEINFO=not-found
ac_cv_path_install='/bin/install -c'
ac_cv_path_mkdir=/bin/mkdir
ac_cv_prog_CPP='gcc -E'
ac_cv_prog_ac_ct_AR=ar
ac_cv_prog_ac_ct_CC=gcc
ac_cv_prog_ac_ct_CXX=g++
ac_cv_prog_ac_ct_NM=nm
ac_cv_prog_ac_ct_OBJDUMP=objdump
ac_cv_prog_ac_ct_RANLIB=ranlib
ac_cv_prog_cc_c89=
ac_cv_prog_cc_g=yes
ac_cv_prog_cxx_g=yes
ac_cv_prog_make_make_set=yes
ac_cv_search_clock_gettime='none required'
ac_cv_sizeof_long=8
ac_cv_sizeof_size_t=8
ac_cv_stdint_message='using gnu compiler gcc (GCC) 4.8.5 20150623 (Red Hat 4.8.5-4)'
ac_cv_stdint_result='(assuming C99 compatible system)'
ac_cv_type_size_t=yes
ac_cv_type_uid_t=yes
ac_cv_working_alloca_h=yes
gmp_cv_prog_exeext_for_build=
lsh_cv_c_attribute=yes
lsh_cv_sys_ccpic=-fpic
nettle_cv_asm_align_log=no
nettle_cv_asm_coff_type=no
nettle_cv_asm_gnu_stack=yes
nettle_cv_asm_type_hash_function=no
nettle_cv_asm_type_percent_function=yes
nettle_cv_asm_underscore=no
nettle_cv_fcntl_locking=yes
nettle_cv_gmp_numb_bits=64
nettle_cv_link_ifunc=yes

## ----------------- ##
## Output variables. ##
## ----------------- ##

ALLOCA=''
AR='ar'
ASM_ALIGN_LOG='no'
ASM_COFF_STYLE='no'
ASM_ELF_STYLE='yes'
ASM_MARK_NOEXEC_STACK='.section .note.GNU-stack,"",TYPE_PROGBITS'
ASM_RODATA='.section .rodata'
ASM_SYMBOL_PREFIX=''
ASM_TYPE_FUNCTION='%function'
ASM_TYPE_PROGBITS='%progbits'
BENCH_LIBS='-lgmp '
CC='gcc'
CCPIC='-fpic'
CC_FOR_BUILD='gcc -O'
CFLAGS='-g -O2 -ggdb3 -Wno-pointer-sign -Wall -W   -Wmissing-prototypes -Wmissing-declarations -Wstrict-prototypes   -Wpointer-arith -Wbad-function-cast -Wnested-externs'
CPP='gcc -E'
CPPFLAGS=''
CXX='g++'
CXXFLAGS='-g -O2'
DEFS='-DHAVE_CONFIG_H'
DEP_FLAGS='-MT $@ -MD -MP -MF $@.d'
DEP_INCLUDE='include '
DEP_PROCESS='true'
ECHO_C=''
ECHO_N='-n'
ECHO_T=''
EGREP='/bin/grep -E'
EMULATOR=''
EXEEXT=''
EXEEXT_FOR_BUILD=''
EXTRA_HOGWEED_LINKER_FLAGS='-Wl,--version-script=libhogweed.map'
EXTRA_LINKER_FLAGS='-Wl,--version-script=libnettle.map'
GMP_NUMB_BITS='64'
GREP='/bin/grep'
HOGWEED_EXTRA_SYMBOLS=''
IF_ASM=''
IF_CXX=''
IF_DLL='#'
IF_DLOPEN_TEST=''
IF_DOCUMENTATION='#'
IF_HOGWEED=''
IF_MINI_GMP='#'
IF_NOT_SHARED='#'
IF_SHARED=''
IF_STATIC=''
INSTALL_DATA='${INSTALL} -m 644'
INSTALL_PROGRAM='${INSTALL}'
INSTALL_SCRIPT='${INSTALL}'
LDFLAGS=''
LIBHOGWEED_FILE='$(LIBHOGWEED_SONAME).$(LIBHOGWEED_MINOR)'
LIBHOGWEED_FILE_SRC='$(LIBHOGWEED_FORLINK)'
LIBHOGWEED_FORLINK='libhogweed.so'
LIBHOGWEED_LIBS='libnettle.so $(LIBS)'
LIBHOGWEED_LINK='$(CC) $(CFLAGS) $(LDFLAGS) -shared -Wl,-soname=$(LIBHOGWEED_SONAME)'
LIBHOGWEED_MAJOR='4'
LIBHOGWEED_MINOR='3'
LIBHOGWEED_SONAME='$(LIBHOGWEED_FORLINK).$(LIBHOGWEED_MAJOR)'
LIBNETTLE_FILE='$(LIBNETTLE_SONAME).$(LIBNETTLE_MINOR)'
LIBNETTLE_FILE_SRC='$(LIBNETTLE_FORLINK)'
LIBNETTLE_FORLINK='libnettle.so'
LIBNETTLE_LIBS=''
LIBNETTLE_LINK='$(CC) $(CFLAGS) $(LDFLAGS) -shared -Wl,-soname=$(LIBNETTLE_SONAME)'
LIBNETTLE_MAJOR='6'
LIBNETTLE_MINOR='3'
LIBNETTLE_SONAME='$(LIBNETTLE_FORLINK).$(LIBNETTLE_MAJOR)'
LIBOBJS=''
LIBS='-lgmp '
LN_S='ln -s'
LTLIBOBJS=''
M4='/bin/m4'
MAJOR_VERSION='3'
MAKEINFO='not-found'
MINOR_VERSION='3'
MKDIR_P='/bin/mkdir -p'
NETTLE_USE_MINI_GMP='0'
NM='nm'
OBJDUMP='objdump'
OBJEXT='o'
OPENSSL_LIBFLAGS='-lcrypto'
OPT_HOGWEED_OBJS=' ecc-192-modp.$(OBJEXT) ecc-224-modp.$(OBJEXT) ecc-25519-modp.$(OBJEXT) ecc-256-redc.$(OBJEXT) ecc-384-modp.$(OBJEXT) ecc-521-modp.$(OBJEXT)'
OPT_NETTLE_OBJS=' gcm-hash8.$(OBJEXT)'
OPT_NETTLE_SOURCES=''
PACKAGE_BUGREPORT='nettle-bugs@lists.lysator.liu.se'
PACKAGE_NAME='nettle'
PACKAGE_STRING='nettle 3.3'
PACKAGE_TARNAME='nettle'
PACKAGE_URL=''
PACKAGE_VERSION='3.3'
PATH_SEPARATOR=':'
RANLIB='ranlib'
SET_MAKE=''
SHELL='/bin/sh'
W64_ABI='no'
ac_ct_CC='gcc'
ac_ct_CXX='g++'
bindir='${exec_prefix}/bin'
build='x86_64-unknown-linux-gnu'
build_alias=''
build_cpu='x86_64'
build_os='linux-gnu'
build_vendor='unknown'
datadir='${datarootdir}'
datarootdir='${prefix}/share'
docdir='${datarootdir}/doc/${PACKAGE_TARNAME}'
dvidir='${docdir}'
exec_prefix='${prefix}'
host='x86_64-unknown-linux-gnu'
host_alias=''
host_cpu='x86_64'
host_os='linux-gnu'
host_vendor='unknown'
htmldir='${docdir}'
includedir='${prefix}/include'
infodir='${datarootdir}/info'
libdir='${exec_prefix}/lib64'
libexecdir='${exec_prefix}/libexec'
localedir='${datarootdir}/locale'
localstatedir='${prefix}/var'
mandir='${datarootdir}/man'
oldincludedir='/usr/include'
pdfdir='${docdir}'
prefix='/usr/local'
program_transform_name='s,x,x,'
psdir='${docdir}'
sbindir='${exec_prefix}/sbin'
sharedstatedir='${prefix}/com'
sysconfdir='${prefix}/etc'
target_alias=''

## ----------- ##
## confdefs.h. ##
## ----------- ##

/* confdefs.h */
#define PACKAGE_NAME "nettle"
#define PACKAGE_TARNAME "nettle"
#define PACKAGE_VERSION "3.3"
#define PACKAGE_STRING "nettle 3.3"
#define PACKAGE_BUGREPORT "nettle-bugs@lists.lysator.liu.se"
#define PACKAGE_URL ""
#define HAVE_LINK_IFUNC 1
#define STDC_HEADERS 1
#define HAVE_SYS_TYPES_H 1
#define HAVE_SYS_STAT_H 1
#define HAVE_STDLIB_H 1
#define HAVE_STRING_H 1
#define HAVE_MEMORY_H 1
#define HAVE_STRINGS_H 1
#define HAVE_INTTYPES_H 1
#define HAVE_STDINT_H 1
#define HAVE_UNISTD_H 1
#define TIME_WITH_SYS_TIME 1
#define SIZEOF_LONG 8
#define SIZEOF_SIZE_T 8
#define HAVE_OPENSSL_BLOWFISH_H 1
#define HAVE_OPENSSL_DES_H 1
#define HAVE_OPENSSL_CAST_H 1
#define HAVE_OPENSSL_AES_H 1
#define HAVE_OPENSSL_ECDSA_H 1
#define HAVE_DLFCN_H 1
#define HAVE_LIBDL 1
#define HAVE_ALLOCA_H 1
#define HAVE_ALLOCA 1
#define HAVE_MALLOC_H 1
#define HAVE_STRERROR 1
#define HAVE_SECURE_GETENV 1
#define HAVE_GETLINE 1
#define HAVE_GCC_ATTRIBUTE 1
#define HAVE_FCNTL_LOCKING 1
#define HAVE_LIBGMP 1
#define HAVE_NATIVE_gcm_hash8 1
#define HAVE_NATIVE_ecc_192_modp 1
#define HAVE_NATIVE_ecc_224_modp 1
#define HAVE_NATIVE_ecc_25519_modp 1
#define HAVE_NATIVE_ecc_256_redc 1
#define HAVE_NATIVE_ecc_384_modp 1
#define HAVE_NATIVE_ecc_521_modp 1
#define WITH_HOGWEED 1
#define WITH_OPENSSL 1
#define HAVE_CLOCK_GETTIME 1

configure: exit 0

## ---------------------- ##
## Running config.status. ##
## ---------------------- ##

This file was extended by nettle config.status 3.3, which was
generated by GNU Autoconf 2.69.  Invocation command line was

  CONFIG_FILES    = 
  CONFIG_HEADERS  = 
  CONFIG_LINKS    = 
  CONFIG_COMMANDS = 
  $ ./config.status config.h

on localhost.localdomain

config.status:955: creating config.h
config.status:1136: config.h is unchanged
